Determining if the pthread_create exist failed with the following output:
Change Dir: /home/mick/urdf_info/build/CMakeFiles/CMakeTmp

Run Build Command:/usr/bin/make "cmTryCompileExec1965341414/fast"
/usr/bin/make -f CMakeFiles/cmTryCompileExec1965341414.dir/build.make CMakeFiles/cmTryCompileExec1965341414.dir/build
make[1]: Entering directory `/home/mick/urdf_info/build/CMakeFiles/CMakeTmp'
/usr/bin/cmake -E cmake_progress_report /home/mick/urdf_info/build/CMakeFiles/CMakeTmp/CMakeFiles 1
Building C object CMakeFiles/cmTryCompileExec1965341414.dir/CheckSymbolExists.c.o
/usr/bin/cc    -o CMakeFiles/cmTryCompileExec1965341414.dir/CheckSymbolExists.c.o   -c /home/mick/urdf_info/build/CMakeFiles/CMakeTmp/CheckSymbolExists.c
Linking C executable cmTryCompileExec1965341414
/usr/bin/cmake -E cmake_link_script CMakeFiles/cmTryCompileExec1965341414.dir/link.txt --verbose=1
/usr/bin/cc       CMakeFiles/cmTryCompileExec1965341414.dir/CheckSymbolExists.c.o  -o cmTryCompileExec1965341414 -rdynamic 
CMakeFiles/cmTryCompileExec1965341414.dir/CheckSymbolExists.c.o: In function `main':
CheckSymbolExists.c:(.text+0x16): undefined reference to `pthread_create'
collect2: error: ld returned 1 exit status
make[1]: Leaving directory `/home/mick/urdf_info/build/CMakeFiles/CMakeTmp'
make[1]: *** [cmTryCompileExec1965341414] Error 1
make: *** [cmTryCompileExec1965341414/fast] Error 2

File /home/mick/urdf_info/build/CMakeFiles/CMakeTmp/CheckSymbolExists.c:
/* */
#include <pthread.h>

int main(int argc, char** argv)
{
  (void)argv;
#ifndef pthread_create
  return ((int*)(&pthread_create))[argc];
#else
  (void)argc;
  return 0;
#endif
}

Determining if the function pthread_create exists in the pthreads failed with the following output:
Change Dir: /home/mick/urdf_info/build/CMakeFiles/CMakeTmp

Run Build Command:/usr/bin/make "cmTryCompileExec3809353018/fast"
/usr/bin/make -f CMakeFiles/cmTryCompileExec3809353018.dir/build.make CMakeFiles/cmTryCompileExec3809353018.dir/build
make[1]: Entering directory `/home/mick/urdf_info/build/CMakeFiles/CMakeTmp'
/usr/bin/cmake -E cmake_progress_report /home/mick/urdf_info/build/CMakeFiles/CMakeTmp/CMakeFiles 1
Building C object CMakeFiles/cmTryCompileExec3809353018.dir/CheckFunctionExists.c.o
/usr/bin/cc   -DCHECK_FUNCTION_EXISTS=pthread_create   -o CMakeFiles/cmTryCompileExec3809353018.dir/CheckFunctionExists.c.o   -c /usr/share/cmake-2.8/Modules/CheckFunctionExists.c
Linking C executable cmTryCompileExec3809353018
/usr/bin/cmake -E cmake_link_script CMakeFiles/cmTryCompileExec3809353018.dir/link.txt --verbose=1
/usr/bin/cc   -DCHECK_FUNCTION_EXISTS=pthread_create    CMakeFiles/cmTryCompileExec3809353018.dir/CheckFunctionExists.c.o  -o cmTryCompileExec3809353018 -rdynamic -lpthreads 
/usr/bin/ld: cannot find -lpthreads
collect2: error: ld returned 1 exit status
make[1]: *** [cmTryCompileExec3809353018] Error 1
make[1]: Leaving directory `/home/mick/urdf_info/build/CMakeFiles/CMakeTmp'
make: *** [cmTryCompileExec3809353018/fast] Error 2


